#
# There is insufficient memory for the Java Runtime Environment to continue.
# Native memory allocation (malloc) failed to allocate 836176 bytes for Chunk::new
# Possible reasons:
#   The system is out of physical RAM or swap space
#   In 32 bit mode, the process size limit was hit
# Possible solutions:
#   Reduce memory load on the system
#   Increase physical memory or swap space
#   Check if swap backing store is full
#   Use 64 bit Java on a 64 bit OS
#   Decrease Java heap size (-Xmx/-Xms)
#   Decrease number of Java threads
#   Decrease Java thread stack sizes (-Xss)
#   Set larger code cache with -XX:ReservedCodeCacheSize=
# This output file may be truncated or incomplete.
#
#  Out of Memory Error (allocation.cpp:390), pid=14248, tid=13612
#
# JRE version: Java(TM) SE Runtime Environment (8.0_73-b02) (build 1.8.0_73-b02)
# Java VM: Java HotSpot(TM) 64-Bit Server VM (25.73-b02 mixed mode windows-amd64 compressed oops)
# Failed to write core dump. Minidumps are not enabled by default on client versions of Windows
#

---------------  T H R E A D  ---------------

Current thread (0x000000001da57000):  JavaThread "C2 CompilerThread0" daemon [_thread_in_native, id=13612, stack(0x000000001f340000,0x000000001f440000)]

Stack: [0x000000001f340000,0x000000001f440000]
[error occurred during error reporting (printing stack bounds), id 0xc0000005]

Native frames: (J=compiled Java code, j=interpreted, Vv=VM code, C=native code)


Current CompileTask:
C2:  13795 4112 %     4       pattern.PatternMatcher::findMatches @ 120 (470 bytes)


---------------  P R O C E S S  ---------------

Java Threads: ( => current thread )
  0x0000000020061000 JavaThread "Dispatcher-Thread-3" daemon [_thread_blocked, id=14096, stack(0x0000000026d00000,0x0000000026e00000)]
  0x000000001fd07800 JavaThread "TimerQueue" daemon [_thread_blocked, id=7348, stack(0x0000000025130000,0x0000000025230000)]
  0x000000001fdf3800 JavaThread "AWT-EventQueue-0" [_thread_blocked, id=5544, stack(0x000000001f7a0000,0x000000001f8a0000)]
  0x000000001fd37800 JavaThread "AWT-Windows" daemon [_thread_in_native, id=5796, stack(0x0000000020780000,0x0000000020880000)]
  0x000000001fd36800 JavaThread "AWT-Shutdown" [_thread_blocked, id=12440, stack(0x0000000020630000,0x0000000020730000)]
  0x000000001fd35000 JavaThread "Java2D Disposer" daemon [_thread_blocked, id=14128, stack(0x0000000020450000,0x0000000020550000)]
  0x000000001daf4800 JavaThread "Service Thread" daemon [_thread_blocked, id=14168, stack(0x000000001f8b0000,0x000000001f9b0000)]
  0x000000001da88800 JavaThread "C1 CompilerThread3" daemon [_thread_blocked, id=13516, stack(0x000000001ed00000,0x000000001ee00000)]
  0x000000001da65800 JavaThread "C2 CompilerThread2" daemon [_thread_in_native, id=12492, stack(0x000000001f690000,0x000000001f790000)]
  0x000000001da5e800 JavaThread "C2 CompilerThread1" daemon [_thread_in_native, id=13652, stack(0x000000001f490000,0x000000001f590000)]
=>0x000000001da57000 JavaThread "C2 CompilerThread0" daemon [_thread_in_native, id=13612, stack(0x000000001f340000,0x000000001f440000)]
  0x000000001da55800 JavaThread "Attach Listener" daemon [_thread_blocked, id=13492, stack(0x000000001f120000,0x000000001f220000)]
  0x000000001da54800 JavaThread "Signal Dispatcher" daemon [_thread_blocked, id=10360, stack(0x000000001efd0000,0x000000001f0d0000)]
  0x000000001c99f000 JavaThread "Finalizer" daemon [_thread_blocked, id=14268, stack(0x000000001ee50000,0x000000001ef50000)]
  0x000000001c998000 JavaThread "Reference Handler" daemon [_thread_blocked, id=4976, stack(0x000000001ebb0000,0x000000001ecb0000)]
  0x000000000249e800 JavaThread "main" [_thread_in_Java, id=13940, stack(0x0000000002590000,0x0000000002690000)]

Other Threads:
  0x000000001da02800 VMThread [stack: 0x000000001e9d0000,0x000000001ead0000] [id=13244]
  0x000000001dacd800 WatcherThread [stack: 0x000000001fad0000,0x000000001fbd0000] [id=14056]

VM state:not at safepoint (normal execution)

VM Mutex/Monitor currently owned by a thread: None

Heap:
 PSYoungGen      total 141824K, used 79884K [0x000000076b300000, 0x0000000780380000, 0x00000007c0000000)
  eden space 131072K, 60% used [0x000000076b300000,0x0000000770103340,0x0000000773300000)
  from space 10752K, 0% used [0x0000000773300000,0x0000000773300000,0x0000000773d80000)
  to   space 53760K, 0% used [0x000000077cf00000,0x000000077cf00000,0x0000000780380000)
 ParOldGen       total 115200K, used 115099K [0x00000006c1800000, 0x00000006c8880000, 0x000000076b300000)
  object space 115200K, 99% used [0x00000006c1800000,0x00000006c8866cf0,0x00000006c8880000)
 Metaspace       used 25029K, capacity 25414K, committed 25472K, reserved 1071104K
  class space    used 2791K, capacity 2920K, committed 2944K, reserved 1048576K

Card table byte_map: [0x0000000011d20000,0x0000000012520000] byte_map_base: 0x000000000e714000

Marking Bits: (ParMarkBitMap*) 0x0000000070b00600
 Begin Bits: [0x0000000013870000, 0x0000000017810000)
 End Bits:   [0x0000000017810000, 0x000000001b7b0000)

Polling page: 0x0000000000250000

CodeCache: size=245760Kb used=12045Kb max_used=13609Kb free=233714Kb
 bounds [0x0000000002960000, 0x00000000036f0000, 0x0000000011960000]
 total_blobs=4020 nmethods=3400 adapters=532
 compilation: enabled

Compilation events (10 events):
Event: 13.411 Thread 0x000000001da5e800 4111       4       java.util.EnumMap$EnumMapIterator::hasNext (64 bytes)
Event: 13.413 Thread 0x000000001da88800 nmethod 4110 0x00000000030c7c50 code [0x00000000030c82a0, 0x00000000030cd0b8]
Event: 13.413 Thread 0x000000001da57000 nmethod 4109 0x0000000003182190 code [0x0000000003182300, 0x0000000003182568]
Event: 13.413 Thread 0x000000001da5e800 nmethod 4111 0x0000000002bfd410 code [0x0000000002bfd560, 0x0000000002bfd718]
Event: 13.415 Thread 0x000000001da65800 nmethod 4074% 0x0000000002ef45d0 code [0x0000000002ef4a80, 0x0000000002ef8818]
Event: 13.419 Thread 0x000000001da57000 4112 %     4       pattern.PatternMatcher::findMatches @ 120 (470 bytes)
Event: 13.422 Thread 0x000000001da88800 4113       3       de.lodde.jnumwu.formula.Variable::hasUnits (19 bytes)
Event: 13.422 Thread 0x000000001da5e800 4114       4       java.util.regex.Pattern$Ques::<init> (15 bytes)
Event: 13.422 Thread 0x000000001da88800 nmethod 4113 0x0000000002cddc10 code [0x0000000002cddd80, 0x0000000002cde008]
Event: 13.422 Thread 0x000000001da5e800 nmethod 4114 0x0000000003202910 code [0x0000000003202a40, 0x0000000003202ad8]

GC Heap History (10 events):
Event: 11.508 GC heap before
{Heap before GC invocations=14 (full 9):
 PSYoungGen      total 141824K, used 131072K [0x000000076b300000, 0x0000000780380000, 0x00000007c0000000)
  eden space 131072K, 100% used [0x000000076b300000,0x0000000773300000,0x0000000773300000)
  from space 10752K, 0% used [0x0000000773300000,0x0000000773300000,0x0000000773d80000)
  to   space 53760K, 0% used [0x000000077cf00000,0x000000077cf00000,0x0000000780380000)
 ParOldGen       total 115200K, used 115099K [0x00000006c1800000, 0x00000006c8880000, 0x000000076b300000)
  object space 115200K, 99% used [0x00000006c1800000,0x00000006c8866da0,0x00000006c8880000)
 Metaspace       used 24554K, capacity 24884K, committed 25216K, reserved 1071104K
  class space    used 2746K, capacity 2853K, committed 2944K, reserved 1048576K
Event: 12.055 GC heap after
Heap after GC invocations=14 (full 9):
 PSYoungGen      total 141824K, used 19312K [0x000000076b300000, 0x0000000780380000, 0x00000007c0000000)
  eden space 131072K, 14% used [0x000000076b300000,0x000000076c5dc1c0,0x0000000773300000)
  from space 10752K, 0% used [0x0000000773300000,0x0000000773300000,0x0000000773d80000)
  to   space 53760K, 0% used [0x000000077cf00000,0x000000077cf00000,0x0000000780380000)
 ParOldGen       total 115200K, used 115099K [0x00000006c1800000, 0x00000006c8880000, 0x000000076b300000)
  object space 115200K, 99% used [0x00000006c1800000,0x00000006c8866cf0,0x00000006c8880000)
 Metaspace       used 24554K, capacity 24884K, committed 25216K, reserved 1071104K
  class space    used 2746K, capacity 2853K, committed 2944K, reserved 1048576K
}
Event: 12.163 GC heap before
{Heap before GC invocations=15 (full 10):
 PSYoungGen      total 141824K, used 131072K [0x000000076b300000, 0x0000000780380000, 0x00000007c0000000)
  eden space 131072K, 100% used [0x000000076b300000,0x0000000773300000,0x0000000773300000)
  from space 10752K, 0% used [0x0000000773300000,0x0000000773300000,0x0000000773d80000)
  to   space 53760K, 0% used [0x000000077cf00000,0x000000077cf00000,0x0000000780380000)
 ParOldGen       total 115200K, used 115099K [0x00000006c1800000, 0x00000006c8880000, 0x000000076b300000)
  object space 115200K, 99% used [0x00000006c1800000,0x00000006c8866cf0,0x00000006c8880000)
 Metaspace       used 24947K, capacity 25338K, committed 25472K, reserved 1071104K
  class space    used 2789K, capacity 2918K, committed 2944K, reserved 1048576K
Event: 12.521 GC heap after
Heap after GC invocations=15 (full 10):
 PSYoungGen      total 141824K, used 19959K [0x000000076b300000, 0x0000000780380000, 0x00000007c0000000)
  eden space 131072K, 15% used [0x000000076b300000,0x000000076c67dff8,0x0000000773300000)
  from space 10752K, 0% used [0x0000000773300000,0x0000000773300000,0x0000000773d80000)
  to   space 53760K, 0% used [0x000000077cf00000,0x000000077cf00000,0x0000000780380000)
 ParOldGen       total 115200K, used 115099K [0x00000006c1800000, 0x00000006c8880000, 0x000000076b300000)
  object space 115200K, 99% used [0x00000006c1800000,0x00000006c8866cf0,0x00000006c8880000)
 Metaspace       used 24947K, capacity 25338K, committed 25472K, reserved 1071104K
  class space    used 2789K, capacity 2918K, committed 2944K, reserved 1048576K
}
Event: 12.581 GC heap before
{Heap before GC invocations=16 (full 11):
 PSYoungGen      total 141824K, used 131072K [0x000000076b300000, 0x0000000780380000, 0x00000007c0000000)
  eden space 131072K, 100% used [0x000000076b300000,0x0000000773300000,0x0000000773300000)
  from space 10752K, 0% used [0x0000000773300000,0x0000000773300000,0x0000000773d80000)
  to   space 53760K, 0% used [0x000000077cf00000,0x000000077cf00000,0x0000000780380000)
 ParOldGen       total 115200K, used 115099K [0x00000006c1800000, 0x00000006c8880000, 0x000000076b300000)
  object space 115200K, 99% used [0x00000006c1800000,0x00000006c8866cf0,0x00000006c8880000)
 Metaspace       used 24994K, capacity 25338K, committed 25472K, reserved 1071104K
  class space    used 2789K, capacity 2918K, committed 2944K, reserved 1048576K
Event: 12.947 GC heap after
Heap after GC invocations=16 (full 11):
 PSYoungGen      total 141824K, used 19720K [0x000000076b300000, 0x0000000780380000, 0x00000007c0000000)
  eden space 131072K, 15% used [0x000000076b300000,0x000000076c642248,0x0000000773300000)
  from space 10752K, 0% used [0x0000000773300000,0x0000000773300000,0x0000000773d80000)
  to   space 53760K, 0% used [0x000000077cf00000,0x000000077cf00000,0x0000000780380000)
 ParOldGen       total 115200K, used 115099K [0x00000006c1800000, 0x00000006c8880000, 0x000000076b300000)
  object space 115200K, 99% used [0x00000006c1800000,0x00000006c8866cf0,0x00000006c8880000)
 Metaspace       used 24994K, capacity 25338K, committed 25472K, reserved 1071104K
  class space    used 2789K, capacity 2918K, committed 2944K, reserved 1048576K
}
Event: 13.015 GC heap before
{Heap before GC invocations=17 (full 12):
 PSYoungGen      total 141824K, used 131072K [0x000000076b300000, 0x0000000780380000, 0x00000007c0000000)
  eden space 131072K, 100% used [0x000000076b300000,0x0000000773300000,0x0000000773300000)
  from space 10752K, 0% used [0x0000000773300000,0x0000000773300000,0x0000000773d80000)
  to   space 53760K, 0% used [0x000000077cf00000,0x000000077cf00000,0x0000000780380000)
 ParOldGen       total 115200K, used 115099K [0x00000006c1800000, 0x00000006c8880000, 0x000000076b300000)
  object space 115200K, 99% used [0x00000006c1800000,0x00000006c8866cf0,0x00000006c8880000)
 Metaspace       used 25018K, capacity 25344K, committed 25472K, reserved 1071104K
  class space    used 2791K, capacity 2919K, committed 2944K, reserved 1048576K
Event: 13.371 GC heap after
Heap after GC invocations=17 (full 12):
 PSYoungGen      total 141824K, used 19755K [0x000000076b300000, 0x0000000780380000, 0x00000007c0000000)
  eden space 131072K, 15% used [0x000000076b300000,0x000000076c64ad00,0x0000000773300000)
  from space 10752K, 0% used [0x0000000773300000,0x0000000773300000,0x0000000773d80000)
  to   space 53760K, 0% used [0x000000077cf00000,0x000000077cf00000,0x0000000780380000)
 ParOldGen       total 115200K, used 115099K [0x00000006c1800000, 0x00000006c8880000, 0x000000076b300000)
  object space 115200K, 99% used [0x00000006c1800000,0x00000006c8866cf0,0x00000006c8880000)
 Metaspace       used 25018K, capacity 25344K, committed 25472K, reserved 1071104K
  class space    used 2791K, capacity 2919K, committed 2944K, reserved 1048576K
}
Event: 13.424 GC heap before
{Heap before GC invocations=18 (full 13):
 PSYoungGen      total 141824K, used 131072K [0x000000076b300000, 0x0000000780380000, 0x00000007c0000000)
  eden space 131072K, 100% used [0x000000076b300000,0x0000000773300000,0x0000000773300000)
  from space 10752K, 0% used [0x0000000773300000,0x0000000773300000,0x0000000773d80000)
  to   space 53760K, 0% used [0x000000077cf00000,0x000000077cf00000,0x0000000780380000)
 ParOldGen       total 115200K, used 115099K [0x00000006c1800000, 0x00000006c8880000, 0x000000076b300000)
  object space 115200K, 99% used [0x00000006c1800000,0x00000006c8866cf0,0x00000006c8880000)
 Metaspace       used 25029K, capacity 25414K, committed 25472K, reserved 1071104K
  class space    used 2791K, capacity 2920K, committed 2944K, reserved 1048576K
Event: 13.764 GC heap after
Heap after GC invocations=18 (full 13):
 PSYoungGen      total 141824K, used 19798K [0x000000076b300000, 0x0000000780380000, 0x00000007c0000000)
  eden space 131072K, 15% used [0x000000076b300000,0x000000076c655938,0x0000000773300000)
  from space 10752K, 0% used [0x0000000773300000,0x0000000773300000,0x0000000773d80000)
  to   space 53760K, 0% used [0x000000077cf00000,0x000000077cf00000,0x0000000780380000)
 ParOldGen       total 115200K, used 115099K [0x00000006c1800000, 0x00000006c8880000, 0x000000076b300000)
  object space 115200K, 99% used [0x00000006c1800000,0x00000006c8866cf0,0x00000006c8880000)
 Metaspace       used 25029K, capacity 25414K, committed 25472K, reserved 1071104K
  class space    used 2791K, capacity 2920K, committed 2944K, reserved 1048576K
}

Deoptimization events (10 events):
Event: 12.117 Thread 0x000000000249e800 Uncommon trap: reason=bimorphic action=maybe_recompile pc=0x0000000003438dec method=java.util.regex.Pattern$Branch.match(Ljava/util/regex/Matcher;ILjava/lang/CharSequence;)Z @ 32
Event: 12.135 Thread 0x000000000249e800 Uncommon trap: reason=class_check action=maybe_recompile pc=0x0000000002aa98c4 method=java.util.regex.Pattern$Begin.match(Ljava/util/regex/Matcher;ILjava/lang/CharSequence;)Z @ 30
Event: 12.137 Thread 0x000000000249e800 Uncommon trap: reason=class_check action=maybe_recompile pc=0x0000000002aa98c4 method=java.util.regex.Pattern$Begin.match(Ljava/util/regex/Matcher;ILjava/lang/CharSequence;)Z @ 30
Event: 12.137 Thread 0x000000000249e800 Uncommon trap: reason=class_check action=maybe_recompile pc=0x0000000002aa98c4 method=java.util.regex.Pattern$Begin.match(Ljava/util/regex/Matcher;ILjava/lang/CharSequence;)Z @ 30
Event: 12.137 Thread 0x000000000249e800 Uncommon trap: reason=class_check action=maybe_recompile pc=0x0000000002aa98c4 method=java.util.regex.Pattern$Begin.match(Ljava/util/regex/Matcher;ILjava/lang/CharSequence;)Z @ 30
Event: 12.143 Thread 0x000000000249e800 Uncommon trap: reason=class_check action=maybe_recompile pc=0x0000000003444630 method=java.util.regex.Pattern$Slice.match(Ljava/util/regex/Matcher;ILjava/lang/CharSequence;)Z @ 75
Event: 12.143 Thread 0x000000000249e800 Uncommon trap: reason=class_check action=maybe_recompile pc=0x0000000003444630 method=java.util.regex.Pattern$Slice.match(Ljava/util/regex/Matcher;ILjava/lang/CharSequence;)Z @ 75
Event: 12.143 Thread 0x000000000249e800 Uncommon trap: reason=class_check action=maybe_recompile pc=0x0000000003444630 method=java.util.regex.Pattern$Slice.match(Ljava/util/regex/Matcher;ILjava/lang/CharSequence;)Z @ 75
Event: 12.144 Thread 0x000000000249e800 Uncommon trap: reason=class_check action=maybe_recompile pc=0x0000000003444630 method=java.util.regex.Pattern$Slice.match(Ljava/util/regex/Matcher;ILjava/lang/CharSequence;)Z @ 75
Event: 12.157 Thread 0x000000000249e800 Uncommon trap: reason=unstable_if action=reinterpret pc=0x00000000032a4774 method=java.util.HashMap.values()Ljava/util/Collection; @ 6

Internal exceptions (10 events):
Event: 10.573 Thread 0x000000000249e800 Exception <a 'java/io/IOException'> (0x000000076f10d908) thrown at [D:\re\puppet\workspace\8-2-build-windows-amd64-cygwin\jdk8u73\6086\hotspot\src\share\vm\prims\jni.cpp, line 709]
Event: 10.573 Thread 0x000000000249e800 Exception <a 'java/io/IOException'> (0x000000076f10db98) thrown at [D:\re\puppet\workspace\8-2-build-windows-amd64-cygwin\jdk8u73\6086\hotspot\src\share\vm\prims\jni.cpp, line 709]
Event: 10.573 Thread 0x000000000249e800 Exception <a 'java/io/IOException'> (0x000000076f10ddf8) thrown at [D:\re\puppet\workspace\8-2-build-windows-amd64-cygwin\jdk8u73\6086\hotspot\src\share\vm\prims\jni.cpp, line 709]
Event: 10.573 Thread 0x000000000249e800 Exception <a 'java/io/IOException'> (0x000000076f10f758) thrown at [D:\re\puppet\workspace\8-2-build-windows-amd64-cygwin\jdk8u73\6086\hotspot\src\share\vm\prims\jni.cpp, line 709]
Event: 10.573 Thread 0x000000000249e800 Exception <a 'java/io/IOException'> (0x000000076f10f9e8) thrown at [D:\re\puppet\workspace\8-2-build-windows-amd64-cygwin\jdk8u73\6086\hotspot\src\share\vm\prims\jni.cpp, line 709]
Event: 10.573 Thread 0x000000000249e800 Exception <a 'java/io/IOException'> (0x000000076f10fc48) thrown at [D:\re\puppet\workspace\8-2-build-windows-amd64-cygwin\jdk8u73\6086\hotspot\src\share\vm\prims\jni.cpp, line 709]
Event: 12.116 Thread 0x000000000249e800 Exception <a 'java/io/IOException'> (0x0000000770d17448) thrown at [D:\re\puppet\workspace\8-2-build-windows-amd64-cygwin\jdk8u73\6086\hotspot\src\share\vm\prims\jni.cpp, line 709]
Event: 12.116 Thread 0x000000000249e800 Exception <a 'java/io/IOException'> (0x0000000770d176d8) thrown at [D:\re\puppet\workspace\8-2-build-windows-amd64-cygwin\jdk8u73\6086\hotspot\src\share\vm\prims\jni.cpp, line 709]
Event: 12.116 Thread 0x000000000249e800 Exception <a 'java/io/IOException'> (0x0000000770d17938) thrown at [D:\re\puppet\workspace\8-2-build-windows-amd64-cygwin\jdk8u73\6086\hotspot\src\share\vm\prims\jni.cpp, line 709]
Event: 12.116 Thread 0x000000000249e800 Exception <a 'java/io/IOException'> (0x0000000770d17c30) thrown at [D:\re\puppet\workspace\8-2-build-windows-amd64-cygwin\jdk8u73\6086\hotspot\src\share\vm\prims\jni.cpp, line 709]

Events (10 events):
Event: 12.969 Thread 0x000000001da5e800 flushing nmethod 0x00000000032a8810
Event: 12.969 Thread 0x000000001da5e800 flushing nmethod 0x00000000032a8e50
Event: 12.969 Thread 0x000000001da5e800 flushing nmethod 0x00000000032b1310
Event: 12.969 Thread 0x000000001da5e800 flushing nmethod 0x00000000032b9950
Event: 13.013 loading class de/lodde/jnumwu/formula/Match
Event: 13.013 loading class de/lodde/jnumwu/formula/Match done
Event: 13.015 Executing VM operation: ParallelGCFailedAllocation
Event: 13.371 Executing VM operation: ParallelGCFailedAllocation done
Event: 13.424 Executing VM operation: ParallelGCFailedAllocation
Event: 13.764 Executing VM operation: ParallelGCFailedAllocation done


Dynamic libraries:
0x000000013fb70000 - 0x000000013fba7000 	C:\Program Files\Java\jdk1.8.0_73\bin\java.exe
0x0000000077280000 - 0x000000007742a000 	C:\Windows\SYSTEM32\ntdll.dll
0x0000000077160000 - 0x000000007727f000 	C:\Windows\system32\kernel32.dll
0x000007fefd830000 - 0x000007fefd89a000 	C:\Windows\system32\KERNELBASE.dll
0x0000000074a60000 - 0x0000000074ae9000 	C:\Windows\System32\SYSFER.DLL
0x000007fefe0b0000 - 0x000007fefe18b000 	C:\Windows\system32\ADVAPI32.dll
0x000007fefddb0000 - 0x000007fefde4f000 	C:\Windows\system32\msvcrt.dll
0x000007feff070000 - 0x000007feff08f000 	C:\Windows\SYSTEM32\sechost.dll
0x000007fefdf20000 - 0x000007fefe04d000 	C:\Windows\system32\RPCRT4.dll
0x0000000076ce0000 - 0x0000000076dda000 	C:\Windows\system32\USER32.dll
0x000007feff090000 - 0x000007feff0f7000 	C:\Windows\system32\GDI32.dll
0x000007feff4d0000 - 0x000007feff4de000 	C:\Windows\system32\LPK.dll
0x000007fefefa0000 - 0x000007feff06a000 	C:\Windows\system32\USP10.dll
0x000007fefbdd0000 - 0x000007fefbfc4000 	C:\Windows\WinSxS\amd64_microsoft.windows.common-controls_6595b64144ccf1df_6.0.7601.18837_none_fa3b1e3d17594757\COMCTL32.dll
0x000007feff4e0000 - 0x000007feff551000 	C:\Windows\system32\SHLWAPI.dll
0x000007feff560000 - 0x000007feff58e000 	C:\Windows\system32\IMM32.DLL
0x000007feff100000 - 0x000007feff209000 	C:\Windows\system32\MSCTF.dll
0x000000006de30000 - 0x000000006df02000 	C:\Program Files\Java\jdk1.8.0_73\jre\bin\msvcr100.dll
0x00000000702f0000 - 0x0000000070b80000 	C:\Program Files\Java\jdk1.8.0_73\jre\bin\server\jvm.dll
0x000007fef97d0000 - 0x000007fef97d9000 	C:\Windows\system32\WSOCK32.dll
0x000007fefdcc0000 - 0x000007fefdd0d000 	C:\Windows\system32\WS2_32.dll
0x000007fefdf10000 - 0x000007fefdf18000 	C:\Windows\system32\NSI.dll
0x000007fefbb10000 - 0x000007fefbb4b000 	C:\Windows\system32\WINMM.dll
0x000007fefc830000 - 0x000007fefc83c000 	C:\Windows\system32\VERSION.dll
0x0000000077440000 - 0x0000000077447000 	C:\Windows\system32\PSAPI.DLL
0x000000006b320000 - 0x000000006b32f000 	C:\Program Files\Java\jdk1.8.0_73\jre\bin\verify.dll
0x000000006b2f0000 - 0x000000006b319000 	C:\Program Files\Java\jdk1.8.0_73\jre\bin\java.dll
0x000000006b2d0000 - 0x000000006b2e6000 	C:\Program Files\Java\jdk1.8.0_73\jre\bin\zip.dll
0x000007fefe210000 - 0x000007fefef9c000 	C:\Windows\system32\SHELL32.dll
0x000007fefdab0000 - 0x000007fefdcb3000 	C:\Windows\system32\ole32.dll
0x000007fefd6e0000 - 0x000007fefd6ef000 	C:\Windows\system32\profapi.dll
0x000000006caa0000 - 0x000000006cc38000 	C:\Program Files\Java\jdk1.8.0_73\jre\bin\awt.dll
0x000007feff210000 - 0x000007feff2e8000 	C:\Windows\system32\OLEAUT32.dll
0x000007fefb380000 - 0x000007fefb3d6000 	C:\Windows\system32\uxtheme.dll
0x000007feeb240000 - 0x000007feeb2bf000 	C:\Program Files\Common Files\microsoft shared\ink\tiptsf.dll
0x000007fefafc0000 - 0x000007fefafd8000 	C:\Windows\system32\dwmapi.dll
0x000007fefd610000 - 0x000007fefd61f000 	C:\Windows\system32\CRYPTBASE.dll
0x000000006ce20000 - 0x000000006ce67000 	C:\Program Files\Java\jdk1.8.0_73\jre\bin\fontmanager.dll
0x000000006f380000 - 0x000000006f39a000 	C:\Program Files\Java\jdk1.8.0_73\jre\bin\net.dll
0x000007fefcf70000 - 0x000007fefcfc5000 	C:\Windows\system32\mswsock.dll
0x000007fefcf60000 - 0x000007fefcf67000 	C:\Windows\System32\wship6.dll
0x000000006fa40000 - 0x000000006fa51000 	C:\Program Files\Java\jdk1.8.0_73\jre\bin\nio.dll
0x000007fefdd10000 - 0x000007fefdda9000 	C:\Windows\system32\CLBCatQ.DLL
0x000007fefac80000 - 0x000007fefade1000 	C:\Windows\system32\WindowsCodecs.dll
0x000007fefd5b0000 - 0x000007fefd607000 	C:\Windows\system32\apphelp.dll
0x000007feea210000 - 0x000007feea2d0000 	C:\Program Files (x86)\Google\Drive\googledrivesync64.dll
0x0000000066960000 - 0x0000000066a33000 	C:\Windows\WinSxS\amd64_microsoft.vc90.crt_1fc8b3b9a1e18e3b_9.0.30729.6161_none_08e61857a83bc251\MSVCP90.dll
0x00000000723b0000 - 0x0000000072453000 	C:\Windows\WinSxS\amd64_microsoft.vc90.crt_1fc8b3b9a1e18e3b_9.0.30729.6161_none_08e61857a83bc251\MSVCR90.dll
0x000007feea190000 - 0x000007feea20f000 	C:\Program Files (x86)\Adobe\Adobe Creative Cloud\CoreSyncExtension\CoreSync_x64.dll
0x000007feeb480000 - 0x000007feeb483000 	C:\Windows\system32\api-ms-win-core-synch-l1-2-0.DLL
0x000007feeac80000 - 0x000007feeacc0000 	C:\Program Files (x86)\Dropbox\Client\DropboxExt64.34.dll
0x000007feea050000 - 0x000007feea183000 	C:\Windows\system32\ime\imejp10\imjptip.dll
0x000007fef9e80000 - 0x000007fef9ed4000 	C:\Windows\system32\OLEACC.dll
0x000007fee9f60000 - 0x000007feea046000 	C:\Windows\system32\imjp10k.dll
0x000007fee9eb0000 - 0x000007fee9f55000 	C:\Windows\system32\ime\shared\imetip.dll
0x000007fee9c00000 - 0x000007fee9c0e000 	C:\Windows\system32\ime\shared\imecfm.dll
0x000007fee9e20000 - 0x000007fee9eaa000 	C:\Windows\system32\ime\imejp10\imjpapi.dll
0x000007fee9df0000 - 0x000007fee9e1d000 	C:\Windows\system32\ime\shared\imjkapi.dll
0x00000000136e0000 - 0x0000000013722000 	C:\Program Files\Java\jdk1.8.0_73\jre\bin\t2k.dll
0x000000001e950000 - 0x000000001e974000 	C:\Program Files\Java\jdk1.8.0_73\jre\bin\sunec.dll
0x000007fefcfd0000 - 0x000007fefcfe8000 	C:\Windows\system32\CRYPTSP.dll
0x000007fefccd0000 - 0x000007fefcd17000 	C:\Windows\system32\rsaenh.dll
0x000007fefca20000 - 0x000007fefca3e000 	C:\Windows\system32\USERENV.dll
0x000007fefb710000 - 0x000007fefb737000 	C:\Windows\system32\IPHLPAPI.DLL
0x000007fefb7b0000 - 0x000007fefb7bb000 	C:\Windows\system32\WINNSI.DLL
0x000007fefb6f0000 - 0x000007fefb701000 	C:\Windows\system32\dhcpcsvc6.DLL
0x000007fefb6d0000 - 0x000007fefb6e8000 	C:\Windows\system32\dhcpcsvc.DLL
0x000007fefbb80000 - 0x000007fefbb95000 	C:\Windows\system32\NLAapi.dll
0x000007fefaaa0000 - 0x000007fefaab5000 	C:\Windows\system32\napinsp.dll
0x000007fefaa80000 - 0x000007fefaa99000 	C:\Windows\system32\pnrpnsp.dll
0x000007fefcdf0000 - 0x000007fefce4b000 	C:\Windows\system32\DNSAPI.dll
0x000007fefaa40000 - 0x000007fefaa4b000 	C:\Windows\System32\winrnr.dll
0x0000000074a20000 - 0x0000000074a46000 	C:\Program Files\Bonjour\mdnsNSP.dll
0x000007fefc900000 - 0x000007fefc907000 	C:\Windows\System32\wshtcpip.dll
0x000007fefab80000 - 0x000007fefab88000 	C:\Windows\system32\rasadhlp.dll
0x000007fefb750000 - 0x000007fefb7a3000 	C:\Windows\System32\fwpuclnt.dll

VM Arguments:
java_command: factify_chrome.jar
java_class_path (initial): factify_chrome.jar
Launcher Type: SUN_STANDARD

Environment Variables:
JAVA_HOME=C:\Program Files\Java\jdk1.8.0_73
USERNAME=suns1
OS=Windows_NT
PROCESSOR_IDENTIFIER=Intel64 Family 6 Model 60 Stepping 3, GenuineIntel



---------------  S Y S T E M  ---------------

OS: Windows 7 , 64 bit Build 7601 (6.1.7601.23418)

CPU:total 8 (4 cores per cpu, 2 threads per core) family 6 model 60 stepping 3, cmov, cx8, fxsr, mmx, sse, sse2, sse3, ssse3, sse4.1, sse4.2, popcnt, avx, avx2, aes, clmul, erms, rtm, lzcnt, ht, tsc, tscinvbit, bmi1, bmi2

Memory: 4k page, physical 16675092k(3098640k free), swap 20769232k(5396k free)

vm_info: Java HotSpot(TM) 64-Bit Server VM (25.73-b02) for windows-amd64 JRE (1.8.0_73-b02), built on Jan 29 2016 17:38:49 by "java_re" with MS VC++ 10.0 (VS2010)

time: Tue Jul 12 16:30:21 2016
elapsed time: 13 seconds (0d 0h 0m 13s)

