#
# There is insufficient memory for the Java Runtime Environment to continue.
# Native memory allocation (malloc) failed to allocate 77216 bytes for Chunk::new
# Possible reasons:
#   The system is out of physical RAM or swap space
#   In 32 bit mode, the process size limit was hit
# Possible solutions:
#   Reduce memory load on the system
#   Increase physical memory or swap space
#   Check if swap backing store is full
#   Use 64 bit Java on a 64 bit OS
#   Decrease Java heap size (-Xmx/-Xms)
#   Decrease number of Java threads
#   Decrease Java thread stack sizes (-Xss)
#   Set larger code cache with -XX:ReservedCodeCacheSize=
# This output file may be truncated or incomplete.
#
#  Out of Memory Error (allocation.cpp:390), pid=11632, tid=14664
#
# JRE version: Java(TM) SE Runtime Environment (8.0_73-b02) (build 1.8.0_73-b02)
# Java VM: Java HotSpot(TM) 64-Bit Server VM (25.73-b02 mixed mode windows-amd64 compressed oops)
# Failed to write core dump. Minidumps are not enabled by default on client versions of Windows
#

---------------  T H R E A D  ---------------

Current thread (0x000000001d82c800):  JavaThread "C2 CompilerThread1" daemon [_thread_in_native, id=14664, stack(0x000000001f0a0000,0x000000001f1a0000)]

Stack: [0x000000001f0a0000,0x000000001f1a0000]
[error occurred during error reporting (printing stack bounds), id 0xc0000005]

Native frames: (J=compiled Java code, j=interpreted, Vv=VM code, C=native code)


Current CompileTask:
C2:  30867 3616       4       sun.text.normalizer.NormalizerBase::normalize (223 bytes)


---------------  P R O C E S S  ---------------

Java Threads: ( => current thread )
  0x000000001fbb7800 JavaThread "Dispatcher-Thread-3" daemon [_thread_blocked, id=9440, stack(0x0000000021160000,0x0000000021260000)]
  0x000000001fd4c000 JavaThread "TimerQueue" daemon [_thread_blocked, id=16208, stack(0x0000000024f20000,0x0000000025020000)]
  0x000000001f9bb800 JavaThread "AWT-EventQueue-0" [_thread_blocked, id=15284, stack(0x0000000021420000,0x0000000021520000)]
  0x000000001fd86800 JavaThread "AWT-Windows" daemon [_thread_in_native, id=5736, stack(0x0000000020330000,0x0000000020430000)]
  0x000000001fd85800 JavaThread "AWT-Shutdown" [_thread_blocked, id=11636, stack(0x0000000020210000,0x0000000020310000)]
  0x000000001fd85000 JavaThread "Java2D Disposer" daemon [_thread_blocked, id=14964, stack(0x0000000020090000,0x0000000020190000)]
  0x000000001d8c1800 JavaThread "Service Thread" daemon [_thread_blocked, id=15564, stack(0x000000001ee70000,0x000000001ef70000)]
  0x000000001d835800 JavaThread "C1 CompilerThread3" daemon [_thread_blocked, id=4912, stack(0x000000001f520000,0x000000001f620000)]
  0x000000001d834800 JavaThread "C2 CompilerThread2" daemon [_thread_blocked, id=8768, stack(0x000000001f340000,0x000000001f440000)]
=>0x000000001d82c800 JavaThread "C2 CompilerThread1" daemon [_thread_in_native, id=14664, stack(0x000000001f0a0000,0x000000001f1a0000)]
  0x000000001d816800 JavaThread "C2 CompilerThread0" daemon [_thread_blocked, id=15892, stack(0x000000001ec30000,0x000000001ed30000)]
  0x000000001d815800 JavaThread "Attach Listener" daemon [_thread_blocked, id=8552, stack(0x000000001ef70000,0x000000001f070000)]
  0x000000001d814000 JavaThread "Signal Dispatcher" daemon [_thread_blocked, id=11880, stack(0x000000001ed50000,0x000000001ee50000)]
  0x000000001c86e800 JavaThread "Finalizer" daemon [_thread_blocked, id=13008, stack(0x000000001eb30000,0x000000001ec30000)]
  0x000000001c868000 JavaThread "Reference Handler" daemon [_thread_blocked, id=16096, stack(0x000000001e9d0000,0x000000001ead0000)]
  0x00000000024fe800 JavaThread "main" [_thread_blocked, id=12436, stack(0x0000000002730000,0x0000000002830000)]

Other Threads:
  0x000000001d7c2800 VMThread [stack: 0x000000001e7f0000,0x000000001e8f0000] [id=5820]
  0x000000001d8de000 WatcherThread [stack: 0x000000001f760000,0x000000001f860000] [id=12408]

VM state:at safepoint (normal execution)

VM Mutex/Monitor currently owned by a thread:  ([mutex/lock_event])
[0x00000000024fcf80] Threads_lock - owner thread: 0x000000001d7c2800
[0x00000000024fd480] Heap_lock - owner thread: 0x00000000024fe800

Heap:
 PSYoungGen      total 132096K, used 80896K [0x000000076b300000, 0x0000000779200000, 0x00000007c0000000)
  eden space 80896K, 100% used [0x000000076b300000,0x0000000770200000,0x0000000770200000)
  from space 51200K, 0% used [0x0000000774200000,0x0000000774200000,0x0000000777400000)
  to   space 65536K, 0% used [0x0000000770200000,0x0000000770200000,0x0000000774200000)
 ParOldGen       total 91136K, used 90965K [0x00000006c1800000, 0x00000006c7100000, 0x000000076b300000)
  object space 91136K, 99% used [0x00000006c1800000,0x00000006c70d5410,0x00000006c7100000)
 Metaspace       used 24316K, capacity 24664K, committed 24960K, reserved 1071104K
  class space    used 2729K, capacity 2821K, committed 2944K, reserved 1048576K

Card table byte_map: [0x0000000011ec0000,0x00000000126c0000] byte_map_base: 0x000000000e8b4000

Marking Bits: (ParMarkBitMap*) 0x000000006ff60600
 Begin Bits: [0x0000000013740000, 0x00000000176e0000)
 End Bits:   [0x00000000176e0000, 0x000000001b680000)

Polling page: 0x0000000000260000

CodeCache: size=245760Kb used=10753Kb max_used=11454Kb free=235006Kb
 bounds [0x0000000002b00000, 0x0000000003640000, 0x0000000011b00000]
 total_blobs=3711 nmethods=3093 adapters=529
 compilation: enabled

Compilation events (10 events):
Event: 30.476 Thread 0x000000001d835800 3623       3       java.net.URLClassLoader$2::<init> (15 bytes)
Event: 30.476 Thread 0x000000001d835800 nmethod 3623 0x0000000002ce4c10 code [0x0000000002ce4d60, 0x0000000002ce4f50]
Event: 30.476 Thread 0x000000001d835800 3624       3       com.sun.org.apache.xerces.internal.parsers.XML11Configuration::checkFeature (268 bytes)
Event: 30.477 Thread 0x000000001d835800 nmethod 3624 0x0000000002fa1890 code [0x0000000002fa1c40, 0x0000000002fa44c8]
Event: 30.477 Thread 0x000000001d835800 3625 %     3       com.sun.org.apache.xerces.internal.impl.io.ASCIIReader::read @ 33 (108 bytes)
Event: 30.477 Thread 0x000000001d835800 nmethod 3625% 0x0000000003122a50 code [0x0000000003122c20, 0x0000000003123328]
Event: 30.477 Thread 0x000000001d835800 3626       3       com.sun.org.apache.xerces.internal.utils.XMLLimitAnalyzer::addValue (243 bytes)
Event: 30.478 Thread 0x000000001d835800 nmethod 3626 0x0000000003146910 code [0x0000000003146be0, 0x00000000031484c8]
Event: 30.478 Thread 0x000000001d835800 3627       3       com.sun.org.apache.xerces.internal.utils.XMLSecurityManager::isOverLimit (101 bytes)
Event: 30.478 Thread 0x000000001d835800 nmethod 3627 0x0000000003091250 code [0x0000000003091400, 0x0000000003091cf0]

GC Heap History (10 events):
Event: 25.513 GC heap after
Heap after GC invocations=9 (full 1):
 PSYoungGen      total 132096K, used 51170K [0x000000076b300000, 0x0000000779200000, 0x00000007c0000000)
  eden space 80896K, 0% used [0x000000076b300000,0x000000076b300000,0x0000000770200000)
  from space 51200K, 99% used [0x0000000774200000,0x00000007773f8ac8,0x0000000777400000)
  to   space 65536K, 0% used [0x0000000770200000,0x0000000770200000,0x0000000774200000)
 ParOldGen       total 91136K, used 70807K [0x00000006c1800000, 0x00000006c7100000, 0x000000076b300000)
  object space 91136K, 77% used [0x00000006c1800000,0x00000006c5d25ea0,0x00000006c7100000)
 Metaspace       used 23429K, capacity 23782K, committed 24064K, reserved 1071104K
  class space    used 2669K, capacity 2784K, committed 2816K, reserved 1048576K
}
Event: 25.513 GC heap before
{Heap before GC invocations=10 (full 2):
 PSYoungGen      total 132096K, used 51170K [0x000000076b300000, 0x0000000779200000, 0x00000007c0000000)
  eden space 80896K, 0% used [0x000000076b300000,0x000000076b300000,0x0000000770200000)
  from space 51200K, 99% used [0x0000000774200000,0x00000007773f8ac8,0x0000000777400000)
  to   space 65536K, 0% used [0x0000000770200000,0x0000000770200000,0x0000000774200000)
 ParOldGen       total 91136K, used 70807K [0x00000006c1800000, 0x00000006c7100000, 0x000000076b300000)
  object space 91136K, 77% used [0x00000006c1800000,0x00000006c5d25ea0,0x00000006c7100000)
 Metaspace       used 23429K, capacity 23782K, committed 24064K, reserved 1071104K
  class space    used 2669K, capacity 2784K, committed 2816K, reserved 1048576K
Event: 26.220 GC heap after
Heap after GC invocations=10 (full 2):
 PSYoungGen      total 132096K, used 33645K [0x000000076b300000, 0x0000000779200000, 0x00000007c0000000)
  eden space 80896K, 0% used [0x000000076b300000,0x000000076b300000,0x0000000770200000)
  from space 51200K, 65% used [0x0000000774200000,0x00000007762db578,0x0000000777400000)
  to   space 65536K, 0% used [0x0000000770200000,0x0000000770200000,0x0000000774200000)
 ParOldGen       total 91136K, used 86138K [0x00000006c1800000, 0x00000006c7100000, 0x000000076b300000)
  object space 91136K, 94% used [0x00000006c1800000,0x00000006c6c1e950,0x00000006c7100000)
 Metaspace       used 23429K, capacity 23782K, committed 24064K, reserved 1071104K
  class space    used 2669K, capacity 2784K, committed 2816K, reserved 1048576K
}
Event: 28.703 GC heap before
{Heap before GC invocations=11 (full 3):
 PSYoungGen      total 132096K, used 114541K [0x000000076b300000, 0x0000000779200000, 0x00000007c0000000)
  eden space 80896K, 100% used [0x000000076b300000,0x0000000770200000,0x0000000770200000)
  from space 51200K, 65% used [0x0000000774200000,0x00000007762db578,0x0000000777400000)
  to   space 65536K, 0% used [0x0000000770200000,0x0000000770200000,0x0000000774200000)
 ParOldGen       total 91136K, used 86138K [0x00000006c1800000, 0x00000006c7100000, 0x000000076b300000)
  object space 91136K, 94% used [0x00000006c1800000,0x00000006c6c1e950,0x00000006c7100000)
 Metaspace       used 24177K, capacity 24466K, committed 24704K, reserved 1071104K
  class space    used 2727K, capacity 2820K, committed 2944K, reserved 1048576K
Event: 29.208 GC heap after
Heap after GC invocations=11 (full 3):
 PSYoungGen      total 132096K, used 43708K [0x000000076b300000, 0x0000000779200000, 0x00000007c0000000)
  eden space 80896K, 54% used [0x000000076b300000,0x000000076ddaf0d0,0x0000000770200000)
  from space 51200K, 0% used [0x0000000774200000,0x0000000774200000,0x0000000777400000)
  to   space 65536K, 0% used [0x0000000770200000,0x0000000770200000,0x0000000774200000)
 ParOldGen       total 91136K, used 90973K [0x00000006c1800000, 0x00000006c7100000, 0x000000076b300000)
  object space 91136K, 99% used [0x00000006c1800000,0x00000006c70d77a8,0x00000006c7100000)
 Metaspace       used 24177K, capacity 24466K, committed 24704K, reserved 1071104K
  class space    used 2727K, capacity 2820K, committed 2944K, reserved 1048576K
}
Event: 29.635 GC heap before
{Heap before GC invocations=12 (full 4):
 PSYoungGen      total 132096K, used 80896K [0x000000076b300000, 0x0000000779200000, 0x00000007c0000000)
  eden space 80896K, 100% used [0x000000076b300000,0x0000000770200000,0x0000000770200000)
  from space 51200K, 0% used [0x0000000774200000,0x0000000774200000,0x0000000777400000)
  to   space 65536K, 0% used [0x0000000770200000,0x0000000770200000,0x0000000774200000)
 ParOldGen       total 91136K, used 90973K [0x00000006c1800000, 0x00000006c7100000, 0x000000076b300000)
  object space 91136K, 99% used [0x00000006c1800000,0x00000006c70d77a8,0x00000006c7100000)
 Metaspace       used 24249K, capacity 24530K, committed 24704K, reserved 1071104K
  class space    used 2728K, capacity 2820K, committed 2944K, reserved 1048576K
Event: 29.987 GC heap after
Heap after GC invocations=12 (full 4):
 PSYoungGen      total 132096K, used 43817K [0x000000076b300000, 0x0000000779200000, 0x00000007c0000000)
  eden space 80896K, 54% used [0x000000076b300000,0x000000076ddca4d8,0x0000000770200000)
  from space 51200K, 0% used [0x0000000774200000,0x0000000774200000,0x0000000777400000)
  to   space 65536K, 0% used [0x0000000770200000,0x0000000770200000,0x0000000774200000)
 ParOldGen       total 91136K, used 90965K [0x00000006c1800000, 0x00000006c7100000, 0x000000076b300000)
  object space 91136K, 99% used [0x00000006c1800000,0x00000006c70d5410,0x00000006c7100000)
 Metaspace       used 24249K, capacity 24530K, committed 24704K, reserved 1071104K
  class space    used 2728K, capacity 2820K, committed 2944K, reserved 1048576K
}
Event: 30.093 GC heap before
{Heap before GC invocations=13 (full 5):
 PSYoungGen      total 132096K, used 80896K [0x000000076b300000, 0x0000000779200000, 0x00000007c0000000)
  eden space 80896K, 100% used [0x000000076b300000,0x0000000770200000,0x0000000770200000)
  from space 51200K, 0% used [0x0000000774200000,0x0000000774200000,0x0000000777400000)
  to   space 65536K, 0% used [0x0000000770200000,0x0000000770200000,0x0000000774200000)
 ParOldGen       total 91136K, used 90965K [0x00000006c1800000, 0x00000006c7100000, 0x000000076b300000)
  object space 91136K, 99% used [0x00000006c1800000,0x00000006c70d5410,0x00000006c7100000)
 Metaspace       used 24283K, capacity 24594K, committed 24960K, reserved 1071104K
  class space    used 2729K, capacity 2820K, committed 2944K, reserved 1048576K
Event: 30.416 GC heap after
Heap after GC invocations=13 (full 5):
 PSYoungGen      total 132096K, used 44211K [0x000000076b300000, 0x0000000779200000, 0x00000007c0000000)
  eden space 80896K, 54% used [0x000000076b300000,0x000000076de2cf38,0x0000000770200000)
  from space 51200K, 0% used [0x0000000774200000,0x0000000774200000,0x0000000777400000)
  to   space 65536K, 0% used [0x0000000770200000,0x0000000770200000,0x0000000774200000)
 ParOldGen       total 91136K, used 90965K [0x00000006c1800000, 0x00000006c7100000, 0x000000076b300000)
  object space 91136K, 99% used [0x00000006c1800000,0x00000006c70d5410,0x00000006c7100000)
 Metaspace       used 24283K, capacity 24594K, committed 24960K, reserved 1071104K
  class space    used 2729K, capacity 2820K, committed 2944K, reserved 1048576K
}
Event: 30.482 GC heap before
{Heap before GC invocations=14 (full 6):
 PSYoungGen      total 132096K, used 80896K [0x000000076b300000, 0x0000000779200000, 0x00000007c0000000)
  eden space 80896K, 100% used [0x000000076b300000,0x0000000770200000,0x0000000770200000)
  from space 51200K, 0% used [0x0000000774200000,0x0000000774200000,0x0000000777400000)
  to   space 65536K, 0% used [0x0000000770200000,0x0000000770200000,0x0000000774200000)
 ParOldGen       total 91136K, used 90965K [0x00000006c1800000, 0x00000006c7100000, 0x000000076b300000)
  object space 91136K, 99% used [0x00000006c1800000,0x00000006c70d5410,0x00000006c7100000)
 Metaspace       used 24316K, capacity 24664K, committed 24960K, reserved 1071104K
  class space    used 2729K, capacity 2821K, committed 2944K, reserved 1048576K

Deoptimization events (10 events):
Event: 27.639 Thread 0x00000000024fe800 Uncommon trap: reason=null_check action=make_not_entrant pc=0x0000000002cffc08 method=edu.stanford.nlp.util.HashIndex.indexOf(Ljava/lang/Object;)I @ 10
Event: 28.655 Thread 0x00000000024fe800 Uncommon trap: reason=class_check action=maybe_recompile pc=0x00000000032ca3c4 method=java.lang.Character.isUpperCase(I)Z @ 13
Event: 28.655 Thread 0x00000000024fe800 Uncommon trap: reason=class_check action=maybe_recompile pc=0x000000000348db28 method=java.lang.Character.toLowerCase(I)I @ 5
Event: 28.655 Thread 0x00000000024fe800 Uncommon trap: reason=class_check action=maybe_recompile pc=0x000000000348db28 method=java.lang.Character.toLowerCase(I)I @ 5
Event: 28.655 Thread 0x00000000024fe800 Uncommon trap: reason=class_check action=maybe_recompile pc=0x00000000032ca3c4 method=java.lang.Character.isUpperCase(I)Z @ 13
Event: 28.656 Thread 0x00000000024fe800 Uncommon trap: reason=class_check action=maybe_recompile pc=0x000000000348db28 method=java.lang.Character.toLowerCase(I)I @ 5
Event: 28.656 Thread 0x00000000024fe800 Uncommon trap: reason=class_check action=maybe_recompile pc=0x000000000348db28 method=java.lang.Character.toLowerCase(I)I @ 5
Event: 29.248 Thread 0x00000000024fe800 Uncommon trap: reason=unstable_if action=reinterpret pc=0x0000000002fc8bf0 method=edu.stanford.nlp.tagger.maxent.TTags.deterministicallyExpandTags([Ljava/lang/String;)[Ljava/lang/String; @ 286
Event: 29.489 Thread 0x00000000024fe800 Uncommon trap: reason=unstable_if action=reinterpret pc=0x00000000034cda78 method=org.apache.lucene.analysis.compound.hyphenation.PatternParser.readToken(Ljava/lang/StringBuffer;)Ljava/lang/String; @ 11
Event: 29.572 Thread 0x00000000024fe800 Uncommon trap: reason=unstable_if action=reinterpret pc=0x000000000334d86c method=sun.text.normalizer.NormalizerBase.normalize(Ljava/lang/String;Ljava/text/Normalizer$Form;I)Ljava/lang/String; @ 11

Internal exceptions (10 events):
Event: 18.908 Thread 0x00000000024fe800 Exception <a 'java/io/IOException'> (0x000000076ce3b988) thrown at [D:\re\puppet\workspace\8-2-build-windows-amd64-cygwin\jdk8u73\6086\hotspot\src\share\vm\prims\jni.cpp, line 709]
Event: 18.908 Thread 0x00000000024fe800 Exception <a 'java/io/IOException'> (0x000000076ce3bc18) thrown at [D:\re\puppet\workspace\8-2-build-windows-amd64-cygwin\jdk8u73\6086\hotspot\src\share\vm\prims\jni.cpp, line 709]
Event: 18.908 Thread 0x00000000024fe800 Exception <a 'java/io/IOException'> (0x000000076ce3be78) thrown at [D:\re\puppet\workspace\8-2-build-windows-amd64-cygwin\jdk8u73\6086\hotspot\src\share\vm\prims\jni.cpp, line 709]
Event: 18.909 Thread 0x00000000024fe800 Exception <a 'java/io/IOException'> (0x000000076ce3d370) thrown at [D:\re\puppet\workspace\8-2-build-windows-amd64-cygwin\jdk8u73\6086\hotspot\src\share\vm\prims\jni.cpp, line 709]
Event: 18.909 Thread 0x00000000024fe800 Exception <a 'java/io/IOException'> (0x000000076ce3d600) thrown at [D:\re\puppet\workspace\8-2-build-windows-amd64-cygwin\jdk8u73\6086\hotspot\src\share\vm\prims\jni.cpp, line 709]
Event: 18.909 Thread 0x00000000024fe800 Exception <a 'java/io/IOException'> (0x000000076ce3d860) thrown at [D:\re\puppet\workspace\8-2-build-windows-amd64-cygwin\jdk8u73\6086\hotspot\src\share\vm\prims\jni.cpp, line 709]
Event: 18.909 Thread 0x00000000024fe800 Exception <a 'java/io/IOException'> (0x000000076ce3db18) thrown at [D:\re\puppet\workspace\8-2-build-windows-amd64-cygwin\jdk8u73\6086\hotspot\src\share\vm\prims\jni.cpp, line 709]
Event: 18.909 Thread 0x00000000024fe800 Exception <a 'java/io/IOException'> (0x000000076ce3dd78) thrown at [D:\re\puppet\workspace\8-2-build-windows-amd64-cygwin\jdk8u73\6086\hotspot\src\share\vm\prims\jni.cpp, line 709]
Event: 19.669 Thread 0x00000000024fe800 Exception <a 'java/lang/NoClassDefFoundError': nu/xom/Node> (0x000000076cebabc0) thrown at [D:\re\puppet\workspace\8-2-build-windows-amd64-cygwin\jdk8u73\6086\hotspot\src\share\vm\classfile\systemDictionary.cpp, line 199]
Event: 23.810 Thread 0x00000000024fe800 Implicit null exception at 0x0000000003468e70 to 0x0000000003469afd

Events (10 events):
Event: 30.463 Thread 0x000000001d835800 flushing nmethod 0x00000000032fff90
Event: 30.463 Thread 0x000000001d835800 flushing nmethod 0x0000000003306050
Event: 30.463 Thread 0x000000001d835800 flushing nmethod 0x0000000003307bd0
Event: 30.463 Thread 0x000000001d835800 flushing nmethod 0x0000000003308ad0
Event: 30.463 Thread 0x000000001d835800 flushing nmethod 0x0000000003311710
Event: 30.463 Thread 0x000000001d835800 flushing nmethod 0x0000000003314950
Event: 30.463 Thread 0x000000001d835800 flushing nmethod 0x000000000331f690
Event: 30.463 Thread 0x000000001d835800 flushing nmethod 0x0000000003325290
Event: 30.463 Thread 0x000000001d835800 flushing nmethod 0x0000000003326150
Event: 30.482 Executing VM operation: ParallelGCFailedAllocation


Dynamic libraries:
0x000000013f480000 - 0x000000013f4b7000 	C:\Program Files\Java\jdk1.8.0_73\bin\java.exe
0x0000000077be0000 - 0x0000000077d8a000 	C:\Windows\SYSTEM32\ntdll.dll
0x0000000077ac0000 - 0x0000000077bdf000 	C:\Windows\system32\kernel32.dll
0x000007fefe190000 - 0x000007fefe1fa000 	C:\Windows\system32\KERNELBASE.dll
0x00000000753c0000 - 0x0000000075449000 	C:\Windows\System32\SYSFER.DLL
0x000007fefe5a0000 - 0x000007fefe67b000 	C:\Windows\system32\ADVAPI32.dll
0x000007fefe680000 - 0x000007fefe71f000 	C:\Windows\system32\msvcrt.dll
0x000007fefeb10000 - 0x000007fefeb2f000 	C:\Windows\SYSTEM32\sechost.dll
0x000007fefece0000 - 0x000007fefee0d000 	C:\Windows\system32\RPCRT4.dll
0x0000000077860000 - 0x000000007795a000 	C:\Windows\system32\USER32.dll
0x000007feff0c0000 - 0x000007feff127000 	C:\Windows\system32\GDI32.dll
0x000007feffee0000 - 0x000007feffeee000 	C:\Windows\system32\LPK.dll
0x000007fefee40000 - 0x000007fefef0a000 	C:\Windows\system32\USP10.dll
0x000007fefc9f0000 - 0x000007fefcbe4000 	C:\Windows\WinSxS\amd64_microsoft.windows.common-controls_6595b64144ccf1df_6.0.7601.18837_none_fa3b1e3d17594757\COMCTL32.dll
0x000007fefe410000 - 0x000007fefe481000 	C:\Windows\system32\SHLWAPI.dll
0x000007fefee10000 - 0x000007fefee3e000 	C:\Windows\system32\IMM32.DLL
0x000007fefefb0000 - 0x000007feff0b9000 	C:\Windows\system32\MSCTF.dll
0x0000000079100000 - 0x00000000791d2000 	C:\Program Files\Java\jdk1.8.0_73\jre\bin\msvcr100.dll
0x000000006f750000 - 0x000000006ffe0000 	C:\Program Files\Java\jdk1.8.0_73\jre\bin\server\jvm.dll
0x000007fef9eb0000 - 0x000007fef9eb9000 	C:\Windows\system32\WSOCK32.dll
0x000007fefec10000 - 0x000007fefec5d000 	C:\Windows\system32\WS2_32.dll
0x000007fefe490000 - 0x000007fefe498000 	C:\Windows\system32\NSI.dll
0x000007fefc5b0000 - 0x000007fefc5eb000 	C:\Windows\system32\WINMM.dll
0x000007fefd160000 - 0x000007fefd16c000 	C:\Windows\system32\VERSION.dll
0x0000000077da0000 - 0x0000000077da7000 	C:\Windows\system32\PSAPI.DLL
0x000000005b690000 - 0x000000005b69f000 	C:\Program Files\Java\jdk1.8.0_73\jre\bin\verify.dll
0x000000006d720000 - 0x000000006d749000 	C:\Program Files\Java\jdk1.8.0_73\jre\bin\java.dll
0x00000000708f0000 - 0x0000000070906000 	C:\Program Files\Java\jdk1.8.0_73\jre\bin\zip.dll
0x000007feff130000 - 0x000007feffebc000 	C:\Windows\system32\SHELL32.dll
0x000007fefe900000 - 0x000007fefeb03000 	C:\Windows\system32\ole32.dll
0x000007fefe040000 - 0x000007fefe04f000 	C:\Windows\system32\profapi.dll
0x000000006d040000 - 0x000000006d1d8000 	C:\Program Files\Java\jdk1.8.0_73\jre\bin\awt.dll
0x000007fefeb30000 - 0x000007fefec08000 	C:\Windows\system32\OLEAUT32.dll
0x000007fefc660000 - 0x000007fefc6b6000 	C:\Windows\system32\uxtheme.dll
0x000007feeb130000 - 0x000007feeb1af000 	C:\Program Files\Common Files\microsoft shared\ink\tiptsf.dll
0x000007fefc5f0000 - 0x000007fefc608000 	C:\Windows\system32\dwmapi.dll
0x000007fefdf30000 - 0x000007fefdf3f000 	C:\Windows\system32\CRYPTBASE.dll
0x0000000002450000 - 0x0000000002497000 	C:\Program Files\Java\jdk1.8.0_73\jre\bin\fontmanager.dll
0x0000000000630000 - 0x000000000064a000 	C:\Program Files\Java\jdk1.8.0_73\jre\bin\net.dll
0x000007fefd860000 - 0x000007fefd8b5000 	C:\Windows\system32\mswsock.dll
0x000007fefdb30000 - 0x000007fefdb37000 	C:\Windows\System32\wship6.dll
0x000000006f5c0000 - 0x000000006f5d1000 	C:\Program Files\Java\jdk1.8.0_73\jre\bin\nio.dll
0x000007fefef10000 - 0x000007fefefa9000 	C:\Windows\system32\CLBCatQ.DLL
0x000007fefbb50000 - 0x000007fefbcb1000 	C:\Windows\system32\WindowsCodecs.dll
0x000007fefded0000 - 0x000007fefdf27000 	C:\Windows\system32\apphelp.dll
0x000007fee9620000 - 0x000007fee96e0000 	C:\Program Files (x86)\Google\Drive\googledrivesync64.dll
0x00000000627c0000 - 0x0000000062893000 	C:\Windows\WinSxS\amd64_microsoft.vc90.crt_1fc8b3b9a1e18e3b_9.0.30729.6161_none_08e61857a83bc251\MSVCP90.dll
0x0000000072e20000 - 0x0000000072ec3000 	C:\Windows\WinSxS\amd64_microsoft.vc90.crt_1fc8b3b9a1e18e3b_9.0.30729.6161_none_08e61857a83bc251\MSVCR90.dll
0x000007fee95a0000 - 0x000007fee961f000 	C:\Program Files (x86)\Adobe\Adobe Creative Cloud\CoreSyncExtension\CoreSync_x64.dll
0x000007feecb60000 - 0x000007feecb63000 	C:\Windows\system32\api-ms-win-core-synch-l1-2-0.DLL
0x000007fee92c0000 - 0x000007fee9300000 	C:\Program Files (x86)\Dropbox\Client\DropboxExt64.34.dll
0x000007feea270000 - 0x000007feea3a3000 	C:\Windows\system32\ime\imejp10\imjptip.dll
0x000007fefac70000 - 0x000007fefacc4000 	C:\Windows\system32\OLEACC.dll
0x000007feea180000 - 0x000007feea266000 	C:\Windows\system32\imjp10k.dll
0x000007feeb080000 - 0x000007feeb125000 	C:\Windows\system32\ime\shared\imetip.dll
0x000007feec280000 - 0x000007feec28e000 	C:\Windows\system32\ime\shared\imecfm.dll
0x000007feea0f0000 - 0x000007feea17a000 	C:\Windows\system32\ime\imejp10\imjpapi.dll
0x000007feebc70000 - 0x000007feebc9d000 	C:\Windows\system32\ime\shared\imjkapi.dll
0x000000006ffe0000 - 0x0000000070022000 	C:\Program Files\Java\jdk1.8.0_73\jre\bin\t2k.dll
0x000007fefd260000 - 0x000007fefd267000 	C:\Windows\System32\wshtcpip.dll
0x000007fefd6f0000 - 0x000007fefd74b000 	C:\Windows\system32\DNSAPI.dll
0x0000000074eb0000 - 0x0000000074ed6000 	C:\Program Files\Bonjour\mdnsNSP.dll
0x000007fefb880000 - 0x000007fefb8a7000 	C:\Windows\system32\Iphlpapi.DLL
0x000007fefb850000 - 0x000007fefb85b000 	C:\Windows\system32\WINNSI.DLL
0x000007fefa840000 - 0x000007fefa848000 	C:\Windows\system32\rasadhlp.dll
0x000007fefad50000 - 0x000007fefada3000 	C:\Windows\System32\fwpuclnt.dll
0x0000000067470000 - 0x0000000067494000 	C:\Program Files\Java\jdk1.8.0_73\jre\bin\sunec.dll
0x000007fefda70000 - 0x000007fefda88000 	C:\Windows\system32\CRYPTSP.dll
0x000007fefd610000 - 0x000007fefd657000 	C:\Windows\system32\rsaenh.dll
0x000007fefd370000 - 0x000007fefd38e000 	C:\Windows\system32\USERENV.dll
0x000007fefb210000 - 0x000007fefb221000 	C:\Windows\system32\dhcpcsvc6.DLL
0x000007fefb1f0000 - 0x000007fefb208000 	C:\Windows\system32\dhcpcsvc.DLL
0x000007fefbe90000 - 0x000007fefbea5000 	C:\Windows\system32\NLAapi.dll
0x000007fefa7d0000 - 0x000007fefa7e5000 	C:\Windows\system32\napinsp.dll
0x000007fefa7f0000 - 0x000007fefa809000 	C:\Windows\system32\pnrpnsp.dll
0x000007fefa7c0000 - 0x000007fefa7cb000 	C:\Windows\System32\winrnr.dll

VM Arguments:
java_command: factify_chrome.jar
java_class_path (initial): factify_chrome.jar
Launcher Type: SUN_STANDARD

Environment Variables:
JAVA_HOME=C:\Program Files\Java\jdk1.8.0_73
USERNAME=suns1
OS=Windows_NT
PROCESSOR_IDENTIFIER=Intel64 Family 6 Model 60 Stepping 3, GenuineIntel



---------------  S Y S T E M  ---------------

OS: Windows 7 , 64 bit Build 7601 (6.1.7601.23418)

CPU:total 8 (4 cores per cpu, 2 threads per core) family 6 model 60 stepping 3, cmov, cx8, fxsr, mmx, sse, sse2, sse3, ssse3, sse4.1, sse4.2, popcnt, avx, avx2, aes, clmul, erms, rtm, lzcnt, ht, tsc, tscinvbit, bmi1, bmi2

Memory: 4k page, physical 16675092k(3823896k free), swap 20769232k(5596k free)

vm_info: Java HotSpot(TM) 64-Bit Server VM (25.73-b02) for windows-amd64 JRE (1.8.0_73-b02), built on Jan 29 2016 17:38:49 by "java_re" with MS VC++ 10.0 (VS2010)

time: Tue Jul 12 13:50:00 2016
elapsed time: 31 seconds (0d 0h 0m 31s)

